<?xml version="1.0" encoding="UTF-8"?>
<!-- Generated by org.testng.reporters.JUnitReportReporter -->
<testsuite hostname="Gana-HP" failures="0" tests="1" name="practice.Puma" time="5.916" errors="0" timestamp="2024-07-30T10:16:24 IST" skipped="0">
  <testcase classname="practice.Puma" name="puma" time="5.916"/>
  <system-out/>
</testsuite> <!-- practice.Puma -->
