<?xml version="1.0" encoding="UTF-8"?>
<!-- Generated by org.testng.reporters.JUnitReportReporter -->
<testsuite hostname="Gana-HP" failures="0" tests="1" name="practice.adidasTest" time="3.504" errors="0" timestamp="2024-07-30T10:39:17 IST" skipped="0">
  <testcase classname="practice.adidasTest" name="adidas" time="3.504"/>
  <system-out/>
</testsuite> <!-- practice.adidasTest -->
