<?xml version="1.0" encoding="UTF-8"?>
<!-- Generated by org.testng.reporters.JUnitReportReporter -->
<testsuite hostname="Gana-HP" failures="0" tests="1" name="scripts.LoginTest" time="17.891" errors="0" timestamp="2024-07-16T15:35:21 IST" skipped="0">
  <testcase classname="scripts.LoginTest" name="loginTest" time="17.891"/>
  <system-out>
    <![CDATA[Login Test Succesful]]>
  </system-out>
</testsuite> <!-- scripts.LoginTest -->
