<?xml version="1.0" encoding="UTF-8"?>
<!-- Generated by org.testng.reporters.JUnitReportReporter -->
<testsuite hostname="Gana-HP" failures="0" tests="1" name="scripts.RemoveProductFromCart" time="13.982" errors="0" timestamp="2024-03-21T12:57:03 IST" skipped="0">
  <testcase classname="scripts.RemoveProductFromCart" name="removeProductCartTest" time="13.982"/>
  <system-out/>
</testsuite> <!-- scripts.RemoveProductFromCart -->
