<?xml version="1.0" encoding="UTF-8"?>
<!-- Generated by org.testng.reporters.JUnitReportReporter -->
<testsuite hostname="Gana-HP" failures="0" tests="1" name="scripts.ShoppingCartTest" time="13.454" errors="0" timestamp="2024-03-21T12:57:03 IST" skipped="0">
  <testcase classname="scripts.ShoppingCartTest" name="addProductToCart" time="13.454"/>
  <system-out/>
</testsuite> <!-- scripts.ShoppingCartTest -->
