<?xml version="1.0" encoding="UTF-8"?>
<!-- Generated by org.testng.reporters.JUnitReportReporter -->
<testsuite hostname="Gana-HP" failures="0" tests="1" name="scripts.PlaceOrder" time="16.580" errors="0" timestamp="2024-03-21T12:57:03 IST" skipped="0">
  <testcase classname="scripts.PlaceOrder" name="placeOrder" time="16.580"/>
  <system-out/>
</testsuite> <!-- scripts.PlaceOrder -->
