<?xml version="1.0" encoding="UTF-8"?>
<!-- Generated by org.testng.reporters.JUnitReportReporter -->
<testsuite hostname="Gana-HP" failures="0" tests="1" name="practice.PumaTest" time="13.927" errors="0" timestamp="2024-07-30T10:39:17 IST" skipped="0">
  <testcase classname="practice.PumaTest" name="puma" time="13.927"/>
  <system-out/>
</testsuite> <!-- practice.PumaTest -->
