<?xml version="1.0" encoding="UTF-8"?>
<!-- Generated by org.testng.reporters.JUnitReportReporter -->
<testsuite hostname="Gana-HP" failures="0" tests="3" name="scripts.RegisterTest" time="25.976" errors="0" timestamp="2024-03-21T15:23:38 IST" skipped="0">
  <testcase classname="scripts.RegisterTest" name="registerTest" time="9.298"/>
  <system-out>
    <![CDATA[Register Test Succesful]]>
  </system-out>
  <testcase classname="scripts.RegisterTest" name="registerTest" time="8.429"/>
  <system-out>
    <![CDATA[Register Test Succesful]]>
  </system-out>
  <testcase classname="scripts.RegisterTest" name="registerTest" time="8.249"/>
  <system-out>
    <![CDATA[Register Test Succesful]]>
  </system-out>
</testsuite> <!-- scripts.RegisterTest -->
