<?xml version="1.0" encoding="UTF-8"?>
<!-- Generated by org.testng.reporters.JUnitReportReporter -->
<testsuite hostname="Gana-HP" failures="0" tests="1" name="scripts.Demo" time="0.007" errors="0" timestamp="2024-03-13T15:06:26 IST" skipped="0">
  <testcase classname="scripts.Demo" name="demoTest" time="0.007"/>
  <system-out>
    <![CDATA[Demo Test Succesful]]>
  </system-out>
</testsuite> <!-- scripts.Demo -->
