<?xml version="1.0" encoding="UTF-8"?>
<!-- Generated by org.testng.reporters.JUnitReportReporter -->
<testsuite hostname="Gana-HP" failures="0" tests="1" name="practice.crocs" time="12.384" errors="0" timestamp="2024-07-30T10:16:24 IST" skipped="0">
  <testcase classname="practice.crocs" name="cros" time="12.384"/>
  <system-out/>
</testsuite> <!-- practice.crocs -->
