<?xml version="1.0" encoding="UTF-8"?>
<!-- Generated by org.testng.reporters.JUnitReportReporter -->
<testsuite hostname="Gana-HP" failures="0" tests="1" name="practice.sparks" time="4.001" errors="0" timestamp="2024-07-30T10:16:24 IST" skipped="0">
  <testcase classname="practice.sparks" name="sparks" time="4.001"/>
  <system-out/>
</testsuite> <!-- practice.sparks -->
