<?xml version="1.0" encoding="UTF-8"?>
<!-- Generated by org.testng.reporters.JUnitReportReporter -->
<testsuite hostname="Gana-HP" failures="0" tests="1" name="scripts.Practice" time="5.382" errors="0" timestamp="2024-07-16T15:37:06 IST" skipped="0">
  <testcase classname="scripts.Practice" name="sample" time="5.382"/>
  <system-out/>
</testsuite> <!-- scripts.Practice -->
