<?xml version="1.0" encoding="UTF-8"?>
<!-- Generated by org.testng.reporters.JUnitReportReporter -->
<testsuite hostname="Gana-HP" failures="0" tests="1" name="practice.adidas" time="5.623" errors="0" timestamp="2024-07-30T10:07:23 IST" skipped="0">
  <testcase classname="practice.adidas" name="adidas" time="5.623"/>
  <system-out/>
</testsuite> <!-- practice.adidas -->
